-------------------------------------------------------------------------------
Test set: com.shivam.student.management.StudentManagementApplicationTests
-------------------------------------------------------------------------------
Tests run: 1, Failures: 0, Errors: 1, Skipped: 0, Time elapsed: 0.195 s <<< FAILURE! - in com.shivam.student.management.StudentManagementApplicationTests
initializationError(com.shivam.student.management.StudentManagementApplicationTests)  Time elapsed: 0.016 s  <<< ERROR!
java.lang.Exception: No runnable methods

